02-Feb-24 19:06:29 : mysql.connector : INFO : package: mysql.connector.plugins - Line : 151
02-Feb-24 19:06:29 : mysql.connector : INFO : plugin_name: mysql_native_password - Line : 152
02-Feb-24 19:06:29 : mysql.connector : INFO : AUTHENTICATION_PLUGIN_CLASS: MySQLNativePasswordAuthPlugin - Line : 156
02-Feb-24 19:06:29 : mysql.connector : INFO : package: mysql.connector.plugins - Line : 151
02-Feb-24 19:06:29 : mysql.connector : INFO : plugin_name: caching_sha2_password - Line : 152
02-Feb-24 19:06:29 : mysql.connector : INFO : AUTHENTICATION_PLUGIN_CLASS: MySQLCachingSHA2PasswordAuthPlugin - Line : 156
02-Feb-24 19:06:29 : selenium.webdriver.common.selenium_manager : WARNING : The msedgedriver version (120.0.2210.121) detected in PATH at C:\Users\wardians\stockcapture\msedgedriver.exe might not be compatible with the detected MicrosoftEdge version (121.0.2277.83); currently, msedgedriver 121.0.2277.83 is recommended for MicrosoftEdge 121.*, so it is advised to delete the driver in PATH and retry - Line : 135
02-Feb-24 19:06:36 : root : INFO : Getting financial data from ... https://finance.yahoo.com/quote/TOTO.JK/balance-sheet?p=TOTO.JK - Line : 206
02-Feb-24 19:06:37 : root : INFO : == txt_tickers : TOTO - txt_breakdown: - Total Assets - txt_data 3,326,617,585 - header 9/29/2023 - counter 5 - colheader 1 - colheader 2 - Line : 240
02-Feb-24 19:06:38 : root : INFO : == txt_tickers : TOTO - txt_breakdown: - Total Assets - txt_data 3,278,036,414 - header 6/29/2023 - counter 6 - colheader 2 - colheader 3 - Line : 240
02-Feb-24 19:06:39 : root : INFO : == txt_tickers : TOTO - txt_breakdown: - Total Assets - txt_data 3,445,698,373 - header 3/30/2023 - counter 7 - colheader 3 - colheader 4 - Line : 240
02-Feb-24 19:06:39 : root : INFO : == txt_tickers : TOTO - txt_breakdown: - Total Assets - txt_data 3,304,972,192 - header 12/30/2022 - counter 8 - colheader 4 - colheader 5 - Line : 240
02-Feb-24 19:06:41 : root : INFO : == txt_tickers : TOTO - txt_breakdown: - Current Assets - txt_data 1,435,762,545 - header 9/29/2023 - counter 5 - colheader 1 - colheader 2 - Line : 240
02-Feb-24 19:06:42 : root : INFO : == txt_tickers : TOTO - txt_breakdown: - Current Assets - txt_data 1,374,177,158 - header 6/29/2023 - counter 6 - colheader 2 - colheader 3 - Line : 240
02-Feb-24 19:06:42 : root : INFO : == txt_tickers : TOTO - txt_breakdown: - Current Assets - txt_data 1,426,372,555 - header 3/30/2023 - counter 7 - colheader 3 - colheader 4 - Line : 240
02-Feb-24 19:06:43 : root : INFO : == txt_tickers : TOTO - txt_breakdown: - Current Assets - txt_data 1,528,687,046 - header 12/30/2022 - counter 8 - colheader 4 - colheader 5 - Line : 240
02-Feb-24 19:06:45 : root : INFO : == txt_tickers : TOTO - txt_breakdown: - Cash, Cash Equivalents & Short Term Investments - txt_data 236,999,094 - header 9/29/2023 - counter 5 - colheader 1 - colheader 2 - Line : 240
02-Feb-24 19:06:46 : root : INFO : == txt_tickers : TOTO - txt_breakdown: - Cash, Cash Equivalents & Short Term Investments - txt_data 211,851,866 - header 6/29/2023 - counter 6 - colheader 2 - colheader 3 - Line : 240
02-Feb-24 19:06:46 : root : INFO : == txt_tickers : TOTO - txt_breakdown: - Cash, Cash Equivalents & Short Term Investments - txt_data 257,375,600 - header 3/30/2023 - counter 7 - colheader 3 - colheader 4 - Line : 240
02-Feb-24 19:06:47 : root : INFO : == txt_tickers : TOTO - txt_breakdown: - Cash, Cash Equivalents & Short Term Investments - txt_data 405,569,883 - header 12/30/2022 - counter 8 - colheader 4 - colheader 5 - Line : 240
02-Feb-24 19:06:49 : root : INFO : == txt_tickers : TOTO - txt_breakdown: - Cash And Cash Equivalents - txt_data 236,999,094 - header 9/29/2023 - counter 5 - colheader 1 - colheader 2 - Line : 240
02-Feb-24 19:06:49 : root : INFO : == txt_tickers : TOTO - txt_breakdown: - Cash And Cash Equivalents - txt_data 211,851,866 - header 6/29/2023 - counter 6 - colheader 2 - colheader 3 - Line : 240
02-Feb-24 19:06:50 : root : INFO : == txt_tickers : TOTO - txt_breakdown: - Cash And Cash Equivalents - txt_data 257,375,600 - header 3/30/2023 - counter 7 - colheader 3 - colheader 4 - Line : 240
02-Feb-24 19:06:50 : root : INFO : == txt_tickers : TOTO - txt_breakdown: - Cash And Cash Equivalents - txt_data 405,569,883 - header 12/30/2022 - counter 8 - colheader 4 - colheader 5 - Line : 240
02-Feb-24 19:06:53 : root : INFO : == txt_tickers : TOTO - txt_breakdown: - Cash - txt_data 84,499,094 - header 9/29/2023 - counter 5 - colheader 1 - colheader 2 - Line : 240
02-Feb-24 19:06:53 : root : INFO : == txt_tickers : TOTO - txt_breakdown: - Cash - txt_data 56,851,866 - header 6/29/2023 - counter 6 - colheader 2 - colheader 3 - Line : 240
02-Feb-24 19:06:54 : root : INFO : == txt_tickers : TOTO - txt_breakdown: - Cash - txt_data 80,375,600 - header 3/30/2023 - counter 7 - colheader 3 - colheader 4 - Line : 240
02-Feb-24 19:06:54 : root : INFO : == txt_tickers : TOTO - txt_breakdown: - Cash - txt_data 249,838,883 - header 12/30/2022 - counter 8 - colheader 4 - colheader 5 - Line : 240
02-Feb-24 19:06:56 : root : INFO : == txt_tickers : TOTO - txt_breakdown: - Cash Equivalents - txt_data 152,500,000 - header 9/29/2023 - counter 5 - colheader 1 - colheader 2 - Line : 240
02-Feb-24 19:06:57 : root : INFO : == txt_tickers : TOTO - txt_breakdown: - Cash Equivalents - txt_data 155,000,000 - header 6/29/2023 - counter 6 - colheader 2 - colheader 3 - Line : 240
02-Feb-24 19:06:58 : root : INFO : == txt_tickers : TOTO - txt_breakdown: - Cash Equivalents - txt_data 177,000,000 - header 3/30/2023 - counter 7 - colheader 3 - colheader 4 - Line : 240
02-Feb-24 19:06:58 : root : INFO : == txt_tickers : TOTO - txt_breakdown: - Cash Equivalents - txt_data 155,731,000 - header 12/30/2022 - counter 8 - colheader 4 - colheader 5 - Line : 240
02-Feb-24 19:07:00 : root : INFO : == txt_tickers : TOTO - txt_breakdown: - Inventory - txt_data 663,150,967 - header 9/29/2023 - counter 5 - colheader 1 - colheader 2 - Line : 240
02-Feb-24 19:07:01 : root : INFO : == txt_tickers : TOTO - txt_breakdown: - Inventory - txt_data 690,413,401 - header 6/29/2023 - counter 6 - colheader 2 - colheader 3 - Line : 240
02-Feb-24 19:07:01 : root : INFO : == txt_tickers : TOTO - txt_breakdown: - Inventory - txt_data 623,763,517 - header 3/30/2023 - counter 7 - colheader 3 - colheader 4 - Line : 240
02-Feb-24 19:07:02 : root : INFO : == txt_tickers : TOTO - txt_breakdown: - Inventory - txt_data 625,693,653 - header 12/30/2022 - counter 8 - colheader 4 - colheader 5 - Line : 240
02-Feb-24 19:07:04 : root : INFO : == txt_tickers : TOTO - txt_breakdown: - Raw Materials - txt_data 150,859,410 - header 9/29/2023 - counter 5 - colheader 1 - colheader 2 - Line : 240
02-Feb-24 19:07:05 : root : INFO : == txt_tickers : TOTO - txt_breakdown: - Raw Materials - txt_data 150,534,978 - header 6/29/2023 - counter 6 - colheader 2 - colheader 3 - Line : 240
02-Feb-24 19:07:05 : root : INFO : == txt_tickers : TOTO - txt_breakdown: - Raw Materials - txt_data 147,196,641 - header 3/30/2023 - counter 7 - colheader 3 - colheader 4 - Line : 240
02-Feb-24 19:07:06 : root : INFO : == txt_tickers : TOTO - txt_breakdown: - Raw Materials - txt_data 188,938,473 - header 12/30/2022 - counter 8 - colheader 4 - colheader 5 - Line : 240
02-Feb-24 19:07:08 : root : INFO : == txt_tickers : TOTO - txt_breakdown: - Work in Process - txt_data 175,204,381 - header 9/29/2023 - counter 5 - colheader 1 - colheader 2 - Line : 240
02-Feb-24 19:07:08 : root : INFO : == txt_tickers : TOTO - txt_breakdown: - Work in Process - txt_data 184,231,921 - header 6/29/2023 - counter 6 - colheader 2 - colheader 3 - Line : 240
02-Feb-24 19:07:09 : root : INFO : == txt_tickers : TOTO - txt_breakdown: - Work in Process - txt_data 164,729,416 - header 3/30/2023 - counter 7 - colheader 3 - colheader 4 - Line : 240
02-Feb-24 19:07:10 : root : INFO : == txt_tickers : TOTO - txt_breakdown: - Work in Process - txt_data 170,201,755 - header 12/30/2022 - counter 8 - colheader 4 - colheader 5 - Line : 240
02-Feb-24 19:07:12 : root : INFO : == txt_tickers : TOTO - txt_breakdown: - Finished Goods - txt_data 310,798,815 - header 9/29/2023 - counter 5 - colheader 1 - colheader 2 - Line : 240
02-Feb-24 19:07:12 : root : INFO : == txt_tickers : TOTO - txt_breakdown: - Finished Goods - txt_data 317,470,784 - header 6/29/2023 - counter 6 - colheader 2 - colheader 3 - Line : 240
02-Feb-24 19:07:13 : root : INFO : == txt_tickers : TOTO - txt_breakdown: - Finished Goods - txt_data 273,176,052 - header 3/30/2023 - counter 7 - colheader 3 - colheader 4 - Line : 240
02-Feb-24 19:07:13 : root : INFO : == txt_tickers : TOTO - txt_breakdown: - Finished Goods - txt_data 241,705,232 - header 12/30/2022 - counter 8 - colheader 4 - colheader 5 - Line : 240
02-Feb-24 19:07:16 : root : INFO : == txt_tickers : TOTO - txt_breakdown: - Other Inventories - txt_data 69,175,608 - header 9/29/2023 - counter 5 - colheader 1 - colheader 2 - Line : 240
02-Feb-24 19:07:16 : root : INFO : == txt_tickers : TOTO - txt_breakdown: - Other Inventories - txt_data 72,924,038 - header 6/29/2023 - counter 6 - colheader 2 - colheader 3 - Line : 240
02-Feb-24 19:07:17 : root : INFO : == txt_tickers : TOTO - txt_breakdown: - Other Inventories - txt_data 73,817,208 - header 3/30/2023 - counter 7 - colheader 3 - colheader 4 - Line : 240
02-Feb-24 19:07:17 : root : INFO : == txt_tickers : TOTO - txt_breakdown: - Other Inventories - txt_data 24,848,194 - header 12/30/2022 - counter 8 - colheader 4 - colheader 5 - Line : 240
02-Feb-24 19:07:19 : root : INFO : == txt_tickers : TOTO - txt_breakdown: - Inventories Adjustments Allowances - txt_data -42,887,246 - header 9/29/2023 - counter 5 - colheader 1 - colheader 2 - Line : 240
02-Feb-24 19:07:20 : root : INFO : == txt_tickers : TOTO - txt_breakdown: - Inventories Adjustments Allowances - txt_data -34,748,320 - header 6/29/2023 - counter 6 - colheader 2 - colheader 3 - Line : 240
02-Feb-24 19:07:20 : root : INFO : == txt_tickers : TOTO - txt_breakdown: - Inventories Adjustments Allowances - txt_data -35,155,800 - header 3/30/2023 - counter 7 - colheader 3 - colheader 4 - Line : 240
02-Feb-24 19:07:21 : root : INFO : == txt_tickers : TOTO - txt_breakdown: - Inventories Adjustments Allowances - txt_data - - header 12/30/2022 - counter 8 - colheader 4 - colheader 5 - Line : 240
02-Feb-24 19:07:23 : root : INFO : == txt_tickers : TOTO - txt_breakdown: - Prepaid Assets - txt_data 20,911,504 - header 9/29/2023 - counter 5 - colheader 1 - colheader 2 - Line : 240
02-Feb-24 19:07:24 : root : INFO : == txt_tickers : TOTO - txt_breakdown: - Prepaid Assets - txt_data 21,281,304 - header 6/29/2023 - counter 6 - colheader 2 - colheader 3 - Line : 240
02-Feb-24 19:07:24 : root : INFO : == txt_tickers : TOTO - txt_breakdown: - Prepaid Assets - txt_data 26,941,239 - header 3/30/2023 - counter 7 - colheader 3 - colheader 4 - Line : 240
02-Feb-24 19:07:25 : root : INFO : == txt_tickers : TOTO - txt_breakdown: - Prepaid Assets - txt_data 17,293,663 - header 12/30/2022 - counter 8 - colheader 4 - colheader 5 - Line : 240
02-Feb-24 19:07:27 : root : INFO : == txt_tickers : TOTO - txt_breakdown: - Total non-current assets - txt_data 1,890,855,041 - header 9/29/2023 - counter 5 - colheader 1 - colheader 2 - Line : 240
02-Feb-24 19:07:27 : root : INFO : == txt_tickers : TOTO - txt_breakdown: - Total non-current assets - txt_data 1,903,859,257 - header 6/29/2023 - counter 6 - colheader 2 - colheader 3 - Line : 240
02-Feb-24 19:07:28 : root : INFO : == txt_tickers : TOTO - txt_breakdown: - Total non-current assets - txt_data 2,019,325,818 - header 3/30/2023 - counter 7 - colheader 3 - colheader 4 - Line : 240
02-Feb-24 19:07:29 : root : INFO : == txt_tickers : TOTO - txt_breakdown: - Total non-current assets - txt_data 1,776,285,146 - header 12/30/2022 - counter 8 - colheader 4 - colheader 5 - Line : 240
02-Feb-24 19:07:31 : root : INFO : == txt_tickers : TOTO - txt_breakdown: - Net PPE - txt_data 919,345,709 - header 9/29/2023 - counter 5 - colheader 1 - colheader 2 - Line : 240
02-Feb-24 19:07:31 : root : INFO : == txt_tickers : TOTO - txt_breakdown: - Net PPE - txt_data 937,384,637 - header 6/29/2023 - counter 6 - colheader 2 - colheader 3 - Line : 240
02-Feb-24 19:07:32 : root : INFO : == txt_tickers : TOTO - txt_breakdown: - Net PPE - txt_data 1,051,302,964 - header 3/30/2023 - counter 7 - colheader 3 - colheader 4 - Line : 240
02-Feb-24 19:07:32 : root : INFO : == txt_tickers : TOTO - txt_breakdown: - Net PPE - txt_data 962,868,975 - header 12/30/2022 - counter 8 - colheader 4 - colheader 5 - Line : 240
02-Feb-24 19:07:35 : root : INFO : == txt_tickers : TOTO - txt_breakdown: - Gross PPE - txt_data 2,199,134,539 - header 9/29/2023 - counter 5 - colheader 1 - colheader 2 - Line : 240
02-Feb-24 19:07:35 : root : INFO : == txt_tickers : TOTO - txt_breakdown: - Gross PPE - txt_data 2,199,067,990 - header 6/29/2023 - counter 6 - colheader 2 - colheader 3 - Line : 240
02-Feb-24 19:07:36 : root : INFO : == txt_tickers : TOTO - txt_breakdown: - Gross PPE - txt_data 2,302,984,594 - header 3/30/2023 - counter 7 - colheader 3 - colheader 4 - Line : 240
02-Feb-24 19:07:36 : root : INFO : == txt_tickers : TOTO - txt_breakdown: - Gross PPE - txt_data 2,187,655,380 - header 12/30/2022 - counter 8 - colheader 4 - colheader 5 - Line : 240
02-Feb-24 19:07:38 : root : INFO : == txt_tickers : TOTO - txt_breakdown: - Properties - txt_data 0 - header 9/29/2023 - counter 5 - colheader 1 - colheader 2 - Line : 240
02-Feb-24 19:07:39 : root : INFO : == txt_tickers : TOTO - txt_breakdown: - Properties - txt_data 0 - header 6/29/2023 - counter 6 - colheader 2 - colheader 3 - Line : 240
02-Feb-24 19:07:39 : root : INFO : == txt_tickers : TOTO - txt_breakdown: - Properties - txt_data 0 - header 3/30/2023 - counter 7 - colheader 3 - colheader 4 - Line : 240
02-Feb-24 19:07:40 : root : INFO : == txt_tickers : TOTO - txt_breakdown: - Properties - txt_data 0 - header 12/30/2022 - counter 8 - colheader 4 - colheader 5 - Line : 240
02-Feb-24 19:07:42 : root : INFO : == txt_tickers : TOTO - txt_breakdown: - Land And Improvements - txt_data 20,827,965 - header 9/29/2023 - counter 5 - colheader 1 - colheader 2 - Line : 240
02-Feb-24 19:07:43 : root : INFO : == txt_tickers : TOTO - txt_breakdown: - Land And Improvements - txt_data 20,827,965 - header 6/29/2023 - counter 6 - colheader 2 - colheader 3 - Line : 240
02-Feb-24 19:07:43 : root : INFO : == txt_tickers : TOTO - txt_breakdown: - Land And Improvements - txt_data 20,827,965 - header 3/30/2023 - counter 7 - colheader 3 - colheader 4 - Line : 240
02-Feb-24 19:07:44 : root : INFO : == txt_tickers : TOTO - txt_breakdown: - Land And Improvements - txt_data 20,827,965 - header 12/30/2022 - counter 8 - colheader 4 - colheader 5 - Line : 240
02-Feb-24 19:07:46 : root : INFO : == txt_tickers : TOTO - txt_breakdown: - Buildings And Improvements - txt_data 838,495,759 - header 9/29/2023 - counter 5 - colheader 1 - colheader 2 - Line : 240
02-Feb-24 19:07:47 : root : INFO : == txt_tickers : TOTO - txt_breakdown: - Buildings And Improvements - txt_data 846,412,533 - header 6/29/2023 - counter 6 - colheader 2 - colheader 3 - Line : 240
02-Feb-24 19:07:47 : root : INFO : == txt_tickers : TOTO - txt_breakdown: - Buildings And Improvements - txt_data 862,404,080 - header 3/30/2023 - counter 7 - colheader 3 - colheader 4 - Line : 240
02-Feb-24 19:07:48 : root : INFO : == txt_tickers : TOTO - txt_breakdown: - Buildings And Improvements - txt_data 815,001,190 - header 12/30/2022 - counter 8 - colheader 4 - colheader 5 - Line : 240
02-Feb-24 19:07:50 : root : INFO : == txt_tickers : TOTO - txt_breakdown: - Machinery Furniture Equipment - txt_data 1,162,058,029 - header 9/29/2023 - counter 5 - colheader 1 - colheader 2 - Line : 240
02-Feb-24 19:07:50 : root : INFO : == txt_tickers : TOTO - txt_breakdown: - Machinery Furniture Equipment - txt_data 1,158,142,310 - header 6/29/2023 - counter 6 - colheader 2 - colheader 3 - Line : 240
02-Feb-24 19:07:51 : root : INFO : == txt_tickers : TOTO - txt_breakdown: - Machinery Furniture Equipment - txt_data 1,159,350,841 - header 3/30/2023 - counter 7 - colheader 3 - colheader 4 - Line : 240
02-Feb-24 19:07:52 : root : INFO : == txt_tickers : TOTO - txt_breakdown: - Machinery Furniture Equipment - txt_data 945,965,918 - header 12/30/2022 - counter 8 - colheader 4 - colheader 5 - Line : 240
02-Feb-24 19:07:54 : root : INFO : == txt_tickers : TOTO - txt_breakdown: - Other Properties - txt_data 167,372,839 - header 9/29/2023 - counter 5 - colheader 1 - colheader 2 - Line : 240
02-Feb-24 19:07:54 : root : INFO : == txt_tickers : TOTO - txt_breakdown: - Other Properties - txt_data 166,175,749 - header 6/29/2023 - counter 6 - colheader 2 - colheader 3 - Line : 240
02-Feb-24 19:07:55 : root : INFO : == txt_tickers : TOTO - txt_breakdown: - Other Properties - txt_data 165,685,457 - header 3/30/2023 - counter 7 - colheader 3 - colheader 4 - Line : 240
02-Feb-24 19:07:55 : root : INFO : == txt_tickers : TOTO - txt_breakdown: - Other Properties - txt_data 154,593,767 - header 12/30/2022 - counter 8 - colheader 4 - colheader 5 - Line : 240
02-Feb-24 19:07:57 : root : INFO : == txt_tickers : TOTO - txt_breakdown: - Construction in Progress - txt_data 10,379,946 - header 9/29/2023 - counter 5 - colheader 1 - colheader 2 - Line : 240
02-Feb-24 19:07:58 : root : INFO : == txt_tickers : TOTO - txt_breakdown: - Construction in Progress - txt_data 7,509,434 - header 6/29/2023 - counter 6 - colheader 2 - colheader 3 - Line : 240
02-Feb-24 19:07:59 : root : INFO : == txt_tickers : TOTO - txt_breakdown: - Construction in Progress - txt_data 94,716,251 - header 3/30/2023 - counter 7 - colheader 3 - colheader 4 - Line : 240
02-Feb-24 19:07:59 : root : INFO : == txt_tickers : TOTO - txt_breakdown: - Construction in Progress - txt_data 251,266,540 - header 12/30/2022 - counter 8 - colheader 4 - colheader 5 - Line : 240
02-Feb-24 19:08:01 : root : INFO : == txt_tickers : TOTO - txt_breakdown: - Accumulated Depreciation - txt_data -1,279,788,830 - header 9/29/2023 - counter 5 - colheader 1 - colheader 2 - Line : 240
02-Feb-24 19:08:02 : root : INFO : == txt_tickers : TOTO - txt_breakdown: - Accumulated Depreciation - txt_data -1,261,683,353 - header 6/29/2023 - counter 6 - colheader 2 - colheader 3 - Line : 240
02-Feb-24 19:08:03 : root : INFO : == txt_tickers : TOTO - txt_breakdown: - Accumulated Depreciation - txt_data -1,251,681,630 - header 3/30/2023 - counter 7 - colheader 3 - colheader 4 - Line : 240
02-Feb-24 19:08:03 : root : INFO : == txt_tickers : TOTO - txt_breakdown: - Accumulated Depreciation - txt_data -1,224,786,405 - header 12/30/2022 - counter 8 - colheader 4 - colheader 5 - Line : 240
02-Feb-24 19:08:05 : root : INFO : == txt_tickers : TOTO - txt_breakdown: - Goodwill And Other Intangible Assets - txt_data 14,900,000 - header 9/29/2023 - counter 5 - colheader 1 - colheader 2 - Line : 240
02-Feb-24 19:08:06 : root : INFO : == txt_tickers : TOTO - txt_breakdown: - Goodwill And Other Intangible Assets - txt_data 14,900,000 - header 6/29/2023 - counter 6 - colheader 2 - colheader 3 - Line : 240
02-Feb-24 19:08:06 : root : INFO : == txt_tickers : TOTO - txt_breakdown: - Goodwill And Other Intangible Assets - txt_data 14,900,000 - header 3/30/2023 - counter 7 - colheader 3 - colheader 4 - Line : 240
02-Feb-24 19:08:07 : root : INFO : == txt_tickers : TOTO - txt_breakdown: - Goodwill And Other Intangible Assets - txt_data 14,900,000 - header 12/30/2022 - counter 8 - colheader 4 - colheader 5 - Line : 240
02-Feb-24 19:08:09 : root : INFO : == txt_tickers : TOTO - txt_breakdown: - Other Intangible Assets - txt_data 14,900,000 - header 9/29/2023 - counter 5 - colheader 1 - colheader 2 - Line : 240
02-Feb-24 19:08:10 : root : INFO : == txt_tickers : TOTO - txt_breakdown: - Other Intangible Assets - txt_data 14,900,000 - header 6/29/2023 - counter 6 - colheader 2 - colheader 3 - Line : 240
02-Feb-24 19:08:10 : root : INFO : == txt_tickers : TOTO - txt_breakdown: - Other Intangible Assets - txt_data 14,900,000 - header 3/30/2023 - counter 7 - colheader 3 - colheader 4 - Line : 240
02-Feb-24 19:08:11 : root : INFO : == txt_tickers : TOTO - txt_breakdown: - Other Intangible Assets - txt_data 14,900,000 - header 12/30/2022 - counter 8 - colheader 4 - colheader 5 - Line : 240
02-Feb-24 19:08:13 : root : INFO : == txt_tickers : TOTO - txt_breakdown: - Non Current Prepaid Assets - txt_data 7,887,337 - header 9/29/2023 - counter 5 - colheader 1 - colheader 2 - Line : 240
02-Feb-24 19:08:13 : root : INFO : == txt_tickers : TOTO - txt_breakdown: - Non Current Prepaid Assets - txt_data 7,887,337 - header 6/29/2023 - counter 6 - colheader 2 - colheader 3 - Line : 240
02-Feb-24 19:08:14 : root : INFO : == txt_tickers : TOTO - txt_breakdown: - Non Current Prepaid Assets - txt_data 7,887,337 - header 3/30/2023 - counter 7 - colheader 3 - colheader 4 - Line : 240
02-Feb-24 19:08:15 : root : INFO : == txt_tickers : TOTO - txt_breakdown: - Non Current Prepaid Assets - txt_data 7,867,837 - header 12/30/2022 - counter 8 - colheader 4 - colheader 5 - Line : 240
02-Feb-24 19:08:17 : root : INFO : == txt_tickers : TOTO - txt_breakdown: - Other Non Current Assets - txt_data - - header 9/29/2023 - counter 5 - colheader 1 - colheader 2 - Line : 240
02-Feb-24 19:08:17 : root : INFO : == txt_tickers : TOTO - txt_breakdown: - Other Non Current Assets - txt_data - - header 6/29/2023 - counter 6 - colheader 2 - colheader 3 - Line : 240
02-Feb-24 19:08:18 : root : INFO : == txt_tickers : TOTO - txt_breakdown: - Other Non Current Assets - txt_data 143,300 - header 3/30/2023 - counter 7 - colheader 3 - colheader 4 - Line : 240
02-Feb-24 19:08:18 : root : INFO : == txt_tickers : TOTO - txt_breakdown: - Other Non Current Assets - txt_data - - header 12/30/2022 - counter 8 - colheader 4 - colheader 5 - Line : 240
02-Feb-24 19:08:20 : root : INFO : == txt_tickers : TOTO - txt_breakdown: - Total Liabilities Net Minority Interest - txt_data 943,639,576 - header 9/29/2023 - counter 5 - colheader 1 - colheader 2 - Line : 240
02-Feb-24 19:08:21 : root : INFO : == txt_tickers : TOTO - txt_breakdown: - Total Liabilities Net Minority Interest - txt_data 952,963,460 - header 6/29/2023 - counter 6 - colheader 2 - colheader 3 - Line : 240
02-Feb-24 19:08:22 : root : INFO : == txt_tickers : TOTO - txt_breakdown: - Total Liabilities Net Minority Interest - txt_data 1,067,332,289 - header 3/30/2023 - counter 7 - colheader 3 - colheader 4 - Line : 240
02-Feb-24 19:08:22 : root : INFO : == txt_tickers : TOTO - txt_breakdown: - Total Liabilities Net Minority Interest - txt_data 1,002,210,741 - header 12/30/2022 - counter 8 - colheader 4 - colheader 5 - Line : 240
02-Feb-24 19:08:24 : root : INFO : == txt_tickers : TOTO - txt_breakdown: - Current Liabilities - txt_data 358,585,607 - header 9/29/2023 - counter 5 - colheader 1 - colheader 2 - Line : 240
02-Feb-24 19:08:25 : root : INFO : == txt_tickers : TOTO - txt_breakdown: - Current Liabilities - txt_data 370,336,315 - header 6/29/2023 - counter 6 - colheader 2 - colheader 3 - Line : 240
02-Feb-24 19:08:26 : root : INFO : == txt_tickers : TOTO - txt_breakdown: - Current Liabilities - txt_data 488,074,935 - header 3/30/2023 - counter 7 - colheader 3 - colheader 4 - Line : 240
02-Feb-24 19:08:26 : root : INFO : == txt_tickers : TOTO - txt_breakdown: - Current Liabilities - txt_data 427,991,221 - header 12/30/2022 - counter 8 - colheader 4 - colheader 5 - Line : 240
02-Feb-24 19:08:28 : root : INFO : == txt_tickers : TOTO - txt_breakdown: - Current Debt And Capital Lease Obligation - txt_data 39,570,429 - header 9/29/2023 - counter 5 - colheader 1 - colheader 2 - Line : 240
02-Feb-24 19:08:29 : root : INFO : == txt_tickers : TOTO - txt_breakdown: - Current Debt And Capital Lease Obligation - txt_data 38,971,217 - header 6/29/2023 - counter 6 - colheader 2 - colheader 3 - Line : 240
02-Feb-24 19:08:29 : root : INFO : == txt_tickers : TOTO - txt_breakdown: - Current Debt And Capital Lease Obligation - txt_data 38,521,712 - header 3/30/2023 - counter 7 - colheader 3 - colheader 4 - Line : 240
02-Feb-24 19:08:30 : root : INFO : == txt_tickers : TOTO - txt_breakdown: - Current Debt And Capital Lease Obligation - txt_data 38,194,819 - header 12/30/2022 - counter 8 - colheader 4 - colheader 5 - Line : 240
02-Feb-24 19:08:32 : root : INFO : == txt_tickers : TOTO - txt_breakdown: - Current Debt - txt_data 10,000,000 - header 9/29/2023 - counter 5 - colheader 1 - colheader 2 - Line : 240
02-Feb-24 19:08:33 : root : INFO : == txt_tickers : TOTO - txt_breakdown: - Current Debt - txt_data 10,000,000 - header 6/29/2023 - counter 6 - colheader 2 - colheader 3 - Line : 240
02-Feb-24 19:08:33 : root : INFO : == txt_tickers : TOTO - txt_breakdown: - Current Debt - txt_data 10,000,000 - header 3/30/2023 - counter 7 - colheader 3 - colheader 4 - Line : 240
02-Feb-24 19:08:34 : root : INFO : == txt_tickers : TOTO - txt_breakdown: - Current Debt - txt_data 10,000,000 - header 12/30/2022 - counter 8 - colheader 4 - colheader 5 - Line : 240
02-Feb-24 19:08:36 : root : INFO : == txt_tickers : TOTO - txt_breakdown: - Current Capital Lease Obligation - txt_data 29,570,429 - header 9/29/2023 - counter 5 - colheader 1 - colheader 2 - Line : 240
02-Feb-24 19:08:37 : root : INFO : == txt_tickers : TOTO - txt_breakdown: - Current Capital Lease Obligation - txt_data 28,971,217 - header 6/29/2023 - counter 6 - colheader 2 - colheader 3 - Line : 240
02-Feb-24 19:08:37 : root : INFO : == txt_tickers : TOTO - txt_breakdown: - Current Capital Lease Obligation - txt_data 28,521,712 - header 3/30/2023 - counter 7 - colheader 3 - colheader 4 - Line : 240
02-Feb-24 19:08:38 : root : INFO : == txt_tickers : TOTO - txt_breakdown: - Current Capital Lease Obligation - txt_data 28,194,819 - header 12/30/2022 - counter 8 - colheader 4 - colheader 5 - Line : 240
02-Feb-24 19:16:03 : mysql.connector : INFO : package: mysql.connector.plugins - Line : 151
02-Feb-24 19:16:03 : mysql.connector : INFO : plugin_name: mysql_native_password - Line : 152
02-Feb-24 19:16:03 : mysql.connector : INFO : AUTHENTICATION_PLUGIN_CLASS: MySQLNativePasswordAuthPlugin - Line : 156
02-Feb-24 19:16:03 : mysql.connector : INFO : package: mysql.connector.plugins - Line : 151
02-Feb-24 19:16:03 : mysql.connector : INFO : plugin_name: caching_sha2_password - Line : 152
02-Feb-24 19:16:03 : mysql.connector : INFO : AUTHENTICATION_PLUGIN_CLASS: MySQLCachingSHA2PasswordAuthPlugin - Line : 156
02-Feb-24 19:16:21 : mysql.connector : INFO : package: mysql.connector.plugins - Line : 151
02-Feb-24 19:16:21 : mysql.connector : INFO : plugin_name: mysql_native_password - Line : 152
02-Feb-24 19:16:21 : mysql.connector : INFO : AUTHENTICATION_PLUGIN_CLASS: MySQLNativePasswordAuthPlugin - Line : 156
02-Feb-24 19:16:21 : mysql.connector : INFO : package: mysql.connector.plugins - Line : 151
02-Feb-24 19:16:21 : mysql.connector : INFO : plugin_name: caching_sha2_password - Line : 152
02-Feb-24 19:16:21 : mysql.connector : INFO : AUTHENTICATION_PLUGIN_CLASS: MySQLCachingSHA2PasswordAuthPlugin - Line : 156
02-Feb-24 19:17:29 : mysql.connector : INFO : package: mysql.connector.plugins - Line : 151
02-Feb-24 19:17:29 : mysql.connector : INFO : plugin_name: mysql_native_password - Line : 152
02-Feb-24 19:17:29 : mysql.connector : INFO : AUTHENTICATION_PLUGIN_CLASS: MySQLNativePasswordAuthPlugin - Line : 156
02-Feb-24 19:17:29 : mysql.connector : INFO : package: mysql.connector.plugins - Line : 151
02-Feb-24 19:17:29 : mysql.connector : INFO : plugin_name: caching_sha2_password - Line : 152
02-Feb-24 19:17:29 : mysql.connector : INFO : AUTHENTICATION_PLUGIN_CLASS: MySQLCachingSHA2PasswordAuthPlugin - Line : 156
02-Feb-24 19:21:30 : mysql.connector : INFO : package: mysql.connector.plugins - Line : 151
02-Feb-24 19:21:30 : mysql.connector : INFO : plugin_name: mysql_native_password - Line : 152
02-Feb-24 19:21:30 : mysql.connector : INFO : AUTHENTICATION_PLUGIN_CLASS: MySQLNativePasswordAuthPlugin - Line : 156
02-Feb-24 19:21:30 : mysql.connector : INFO : package: mysql.connector.plugins - Line : 151
02-Feb-24 19:21:30 : mysql.connector : INFO : plugin_name: caching_sha2_password - Line : 152
02-Feb-24 19:21:30 : mysql.connector : INFO : AUTHENTICATION_PLUGIN_CLASS: MySQLCachingSHA2PasswordAuthPlugin - Line : 156
02-Feb-24 19:23:24 : mysql.connector : INFO : package: mysql.connector.plugins - Line : 151
02-Feb-24 19:23:24 : mysql.connector : INFO : plugin_name: mysql_native_password - Line : 152
02-Feb-24 19:23:24 : mysql.connector : INFO : AUTHENTICATION_PLUGIN_CLASS: MySQLNativePasswordAuthPlugin - Line : 156
02-Feb-24 19:23:24 : mysql.connector : INFO : package: mysql.connector.plugins - Line : 151
02-Feb-24 19:23:24 : mysql.connector : INFO : plugin_name: caching_sha2_password - Line : 152
02-Feb-24 19:23:24 : mysql.connector : INFO : AUTHENTICATION_PLUGIN_CLASS: MySQLCachingSHA2PasswordAuthPlugin - Line : 156
02-Feb-24 19:24:04 : mysql.connector : INFO : package: mysql.connector.plugins - Line : 151
02-Feb-24 19:24:04 : mysql.connector : INFO : plugin_name: mysql_native_password - Line : 152
02-Feb-24 19:24:04 : mysql.connector : INFO : AUTHENTICATION_PLUGIN_CLASS: MySQLNativePasswordAuthPlugin - Line : 156
02-Feb-24 19:24:04 : mysql.connector : INFO : package: mysql.connector.plugins - Line : 151
02-Feb-24 19:24:04 : mysql.connector : INFO : plugin_name: caching_sha2_password - Line : 152
02-Feb-24 19:24:04 : mysql.connector : INFO : AUTHENTICATION_PLUGIN_CLASS: MySQLCachingSHA2PasswordAuthPlugin - Line : 156
02-Feb-24 19:24:24 : mysql.connector : INFO : package: mysql.connector.plugins - Line : 151
02-Feb-24 19:24:24 : mysql.connector : INFO : plugin_name: mysql_native_password - Line : 152
02-Feb-24 19:24:24 : mysql.connector : INFO : AUTHENTICATION_PLUGIN_CLASS: MySQLNativePasswordAuthPlugin - Line : 156
02-Feb-24 19:24:24 : mysql.connector : INFO : package: mysql.connector.plugins - Line : 151
02-Feb-24 19:24:24 : mysql.connector : INFO : plugin_name: caching_sha2_password - Line : 152
02-Feb-24 19:24:24 : mysql.connector : INFO : AUTHENTICATION_PLUGIN_CLASS: MySQLCachingSHA2PasswordAuthPlugin - Line : 156
02-Feb-24 19:24:42 : mysql.connector : INFO : package: mysql.connector.plugins - Line : 151
02-Feb-24 19:24:42 : mysql.connector : INFO : plugin_name: mysql_native_password - Line : 152
02-Feb-24 19:24:42 : mysql.connector : INFO : AUTHENTICATION_PLUGIN_CLASS: MySQLNativePasswordAuthPlugin - Line : 156
02-Feb-24 19:24:42 : mysql.connector : INFO : package: mysql.connector.plugins - Line : 151
02-Feb-24 19:24:42 : mysql.connector : INFO : plugin_name: caching_sha2_password - Line : 152
02-Feb-24 19:24:42 : mysql.connector : INFO : AUTHENTICATION_PLUGIN_CLASS: MySQLCachingSHA2PasswordAuthPlugin - Line : 156
02-Feb-24 19:28:15 : mysql.connector : INFO : package: mysql.connector.plugins - Line : 151
02-Feb-24 19:28:15 : mysql.connector : INFO : plugin_name: mysql_native_password - Line : 152
02-Feb-24 19:28:15 : mysql.connector : INFO : AUTHENTICATION_PLUGIN_CLASS: MySQLNativePasswordAuthPlugin - Line : 156
02-Feb-24 19:28:15 : mysql.connector : INFO : package: mysql.connector.plugins - Line : 151
02-Feb-24 19:28:15 : mysql.connector : INFO : plugin_name: caching_sha2_password - Line : 152
02-Feb-24 19:28:15 : mysql.connector : INFO : AUTHENTICATION_PLUGIN_CLASS: MySQLCachingSHA2PasswordAuthPlugin - Line : 156
02-Feb-24 20:06:09 : mysql.connector : INFO : package: mysql.connector.plugins - Line : 151
02-Feb-24 20:06:09 : mysql.connector : INFO : plugin_name: mysql_native_password - Line : 152
02-Feb-24 20:06:09 : mysql.connector : INFO : AUTHENTICATION_PLUGIN_CLASS: MySQLNativePasswordAuthPlugin - Line : 156
02-Feb-24 20:06:09 : mysql.connector : INFO : package: mysql.connector.plugins - Line : 151
02-Feb-24 20:06:09 : mysql.connector : INFO : plugin_name: caching_sha2_password - Line : 152
02-Feb-24 20:06:09 : mysql.connector : INFO : AUTHENTICATION_PLUGIN_CLASS: MySQLCachingSHA2PasswordAuthPlugin - Line : 156
02-Feb-24 20:06:17 : root : INFO : Status Code201 - Line : 129
02-Feb-24 20:06:17 : root : INFO : JSON Response {'ticker': 'TOTO', 'uploaded_date': '2024-02-02', 'file': '/media/TOTO_2024-02-02_130617.png', 'uploaded_on': '2024-02-02T20:06:17.516209+07:00'} - Line : 130
02-Feb-24 20:06:17 : root : INFO : File Deleted successfully - Line : 141
02-Feb-24 20:06:24 : root : INFO : Status Code201 - Line : 129
02-Feb-24 20:06:24 : root : INFO : JSON Response {'ticker': 'SIDO', 'uploaded_date': '2024-02-02', 'file': '/media/SIDO_2024-02-02_130623.png', 'uploaded_on': '2024-02-02T20:06:24.066193+07:00'} - Line : 130
02-Feb-24 20:06:24 : root : INFO : File Deleted successfully - Line : 141
02-Feb-24 20:06:30 : root : INFO : Status Code201 - Line : 129
02-Feb-24 20:06:30 : root : INFO : JSON Response {'ticker': 'MDKA', 'uploaded_date': '2024-02-02', 'file': '/media/MDKA_2024-02-02_130630.png', 'uploaded_on': '2024-02-02T20:06:30.580170+07:00'} - Line : 130
02-Feb-24 20:06:30 : root : INFO : File Deleted successfully - Line : 141
02-Feb-24 20:06:37 : root : INFO : Status Code201 - Line : 129
02-Feb-24 20:06:37 : root : INFO : JSON Response {'ticker': 'AALI', 'uploaded_date': '2024-02-02', 'file': '/media/AALI_2024-02-02_130636.png', 'uploaded_on': '2024-02-02T20:06:37.103986+07:00'} - Line : 130
02-Feb-24 20:06:37 : root : INFO : File Deleted successfully - Line : 141
02-Feb-24 20:06:43 : root : INFO : Status Code201 - Line : 129
02-Feb-24 20:06:43 : root : INFO : JSON Response {'ticker': 'ACES', 'uploaded_date': '2024-02-02', 'file': '/media/ACES_2024-02-02_130643.png', 'uploaded_on': '2024-02-02T20:06:43.699429+07:00'} - Line : 130
02-Feb-24 20:06:43 : root : INFO : File Deleted successfully - Line : 141
02-Feb-24 20:06:50 : root : INFO : Status Code201 - Line : 129
02-Feb-24 20:06:50 : root : INFO : JSON Response {'ticker': 'ADHI', 'uploaded_date': '2024-02-02', 'file': '/media/ADHI_2024-02-02_130649.png', 'uploaded_on': '2024-02-02T20:06:50.448261+07:00'} - Line : 130
02-Feb-24 20:06:50 : root : INFO : File Deleted successfully - Line : 141
02-Feb-24 20:06:57 : root : INFO : Status Code201 - Line : 129
02-Feb-24 20:06:57 : root : INFO : JSON Response {'ticker': 'ADMR', 'uploaded_date': '2024-02-02', 'file': '/media/ADMR_2024-02-02_130656.png', 'uploaded_on': '2024-02-02T20:06:57.043471+07:00'} - Line : 130
02-Feb-24 20:06:57 : root : INFO : File Deleted successfully - Line : 141
02-Feb-24 20:07:03 : root : INFO : Status Code201 - Line : 129
02-Feb-24 20:07:03 : root : INFO : JSON Response {'ticker': 'AGII', 'uploaded_date': '2024-02-02', 'file': '/media/AGII_2024-02-02_130703.png', 'uploaded_on': '2024-02-02T20:07:03.465977+07:00'} - Line : 130
02-Feb-24 20:07:03 : root : INFO : File Deleted successfully - Line : 141
02-Feb-24 20:07:09 : root : INFO : Status Code201 - Line : 129
02-Feb-24 20:07:09 : root : INFO : JSON Response {'ticker': 'AGRO', 'uploaded_date': '2024-02-02', 'file': '/media/AGRO_2024-02-02_130709.png', 'uploaded_on': '2024-02-02T20:07:09.988508+07:00'} - Line : 130
02-Feb-24 20:07:09 : root : INFO : File Deleted successfully - Line : 141
02-Feb-24 20:07:16 : root : INFO : Status Code201 - Line : 129
02-Feb-24 20:07:16 : root : INFO : JSON Response {'ticker': 'AKRA', 'uploaded_date': '2024-02-02', 'file': '/media/AKRA_2024-02-02_130716.png', 'uploaded_on': '2024-02-02T20:07:16.413511+07:00'} - Line : 130
02-Feb-24 20:07:16 : root : INFO : File Deleted successfully - Line : 141
02-Feb-24 20:07:22 : root : INFO : Status Code201 - Line : 129
02-Feb-24 20:07:22 : root : INFO : JSON Response {'ticker': 'AMRT', 'uploaded_date': '2024-02-02', 'file': '/media/AMRT_2024-02-02_130722.png', 'uploaded_on': '2024-02-02T20:07:22.899343+07:00'} - Line : 130
02-Feb-24 20:07:22 : root : INFO : File Deleted successfully - Line : 141
02-Feb-24 20:07:29 : root : INFO : Status Code201 - Line : 129
02-Feb-24 20:07:29 : root : INFO : JSON Response {'ticker': 'ANTM', 'uploaded_date': '2024-02-02', 'file': '/media/ANTM_2024-02-02_130728.png', 'uploaded_on': '2024-02-02T20:07:29.483368+07:00'} - Line : 130
02-Feb-24 20:07:29 : root : INFO : File Deleted successfully - Line : 141
02-Feb-24 20:07:35 : root : INFO : Status Code201 - Line : 129
02-Feb-24 20:07:35 : root : INFO : JSON Response {'ticker': 'ARTO', 'uploaded_date': '2024-02-02', 'file': '/media/ARTO_2024-02-02_130735.png', 'uploaded_on': '2024-02-02T20:07:35.920962+07:00'} - Line : 130
02-Feb-24 20:07:35 : root : INFO : File Deleted successfully - Line : 141
02-Feb-24 20:07:42 : root : INFO : Status Code201 - Line : 129
02-Feb-24 20:07:42 : root : INFO : JSON Response {'ticker': 'ASII', 'uploaded_date': '2024-02-02', 'file': '/media/ASII_2024-02-02_130741.png', 'uploaded_on': '2024-02-02T20:07:42.383579+07:00'} - Line : 130
02-Feb-24 20:07:42 : root : INFO : File Deleted successfully - Line : 141
02-Feb-24 20:07:48 : root : INFO : Status Code201 - Line : 129
02-Feb-24 20:07:48 : root : INFO : JSON Response {'ticker': 'ASSA', 'uploaded_date': '2024-02-02', 'file': '/media/ASSA_2024-02-02_130748.png', 'uploaded_on': '2024-02-02T20:07:48.931864+07:00'} - Line : 130
02-Feb-24 20:07:48 : root : INFO : File Deleted successfully - Line : 141
02-Feb-24 20:07:55 : root : INFO : Status Code201 - Line : 129
02-Feb-24 20:07:55 : root : INFO : JSON Response {'ticker': 'AVIA', 'uploaded_date': '2024-02-02', 'file': '/media/AVIA_2024-02-02_130754.png', 'uploaded_on': '2024-02-02T20:07:55.347426+07:00'} - Line : 130
02-Feb-24 20:07:55 : root : INFO : File Deleted successfully - Line : 141
02-Feb-24 20:08:01 : root : INFO : Status Code201 - Line : 129
02-Feb-24 20:08:01 : root : INFO : JSON Response {'ticker': 'BBCA', 'uploaded_date': '2024-02-02', 'file': '/media/BBCA_2024-02-02_130801.png', 'uploaded_on': '2024-02-02T20:08:01.863827+07:00'} - Line : 130
02-Feb-24 20:08:01 : root : INFO : File Deleted successfully - Line : 141
02-Feb-24 20:08:08 : root : INFO : Status Code201 - Line : 129
02-Feb-24 20:08:08 : root : INFO : JSON Response {'ticker': 'BBKP', 'uploaded_date': '2024-02-02', 'file': '/media/BBKP_2024-02-02_130807.png', 'uploaded_on': '2024-02-02T20:08:08.357724+07:00'} - Line : 130
02-Feb-24 20:08:08 : root : INFO : File Deleted successfully - Line : 141
02-Feb-24 20:08:14 : root : INFO : Status Code201 - Line : 129
02-Feb-24 20:08:14 : root : INFO : JSON Response {'ticker': 'BBNI', 'uploaded_date': '2024-02-02', 'file': '/media/BBNI_2024-02-02_130814.png', 'uploaded_on': '2024-02-02T20:08:14.850256+07:00'} - Line : 130
02-Feb-24 20:08:14 : root : INFO : File Deleted successfully - Line : 141
02-Feb-24 20:08:21 : root : INFO : Status Code201 - Line : 129
02-Feb-24 20:08:21 : root : INFO : JSON Response {'ticker': 'BBRI', 'uploaded_date': '2024-02-02', 'file': '/media/BBRI_2024-02-02_130821.png', 'uploaded_on': '2024-02-02T20:08:21.639210+07:00'} - Line : 130
02-Feb-24 20:08:21 : root : INFO : File Deleted successfully - Line : 141
02-Feb-24 20:08:28 : root : INFO : Status Code201 - Line : 129
02-Feb-24 20:08:28 : root : INFO : JSON Response {'ticker': 'BBTN', 'uploaded_date': '2024-02-02', 'file': '/media/BBTN_2024-02-02_130827.png', 'uploaded_on': '2024-02-02T20:08:28.267938+07:00'} - Line : 130
02-Feb-24 20:08:28 : root : INFO : File Deleted successfully - Line : 141
02-Feb-24 20:08:34 : root : INFO : Status Code201 - Line : 129
02-Feb-24 20:08:34 : root : INFO : JSON Response {'ticker': 'BDMN', 'uploaded_date': '2024-02-02', 'file': '/media/BDMN_2024-02-02_130834.png', 'uploaded_on': '2024-02-02T20:08:34.939259+07:00'} - Line : 130
02-Feb-24 20:08:34 : root : INFO : File Deleted successfully - Line : 141
02-Feb-24 20:08:41 : root : INFO : Status Code201 - Line : 129
02-Feb-24 20:08:41 : root : INFO : JSON Response {'ticker': 'BELI', 'uploaded_date': '2024-02-02', 'file': '/media/BELI_2024-02-02_130841.png', 'uploaded_on': '2024-02-02T20:08:41.665593+07:00'} - Line : 130
02-Feb-24 20:08:41 : root : INFO : File Deleted successfully - Line : 141
02-Feb-24 20:08:48 : root : INFO : Status Code201 - Line : 129
02-Feb-24 20:08:48 : root : INFO : JSON Response {'ticker': 'BFIN', 'uploaded_date': '2024-02-02', 'file': '/media/BFIN_2024-02-02_130847.png', 'uploaded_on': '2024-02-02T20:08:48.149088+07:00'} - Line : 130
02-Feb-24 20:08:48 : root : INFO : File Deleted successfully - Line : 141
02-Feb-24 20:08:54 : root : INFO : Status Code201 - Line : 129
02-Feb-24 20:08:54 : root : INFO : JSON Response {'ticker': 'BMRI', 'uploaded_date': '2024-02-02', 'file': '/media/BMRI_2024-02-02_130854.png', 'uploaded_on': '2024-02-02T20:08:54.609470+07:00'} - Line : 130
02-Feb-24 20:08:54 : root : INFO : File Deleted successfully - Line : 141
02-Feb-24 20:09:01 : root : INFO : Status Code201 - Line : 129
02-Feb-24 20:09:01 : root : INFO : JSON Response {'ticker': 'BMTR', 'uploaded_date': '2024-02-02', 'file': '/media/BMTR_2024-02-02_130900.png', 'uploaded_on': '2024-02-02T20:09:01.095805+07:00'} - Line : 130
02-Feb-24 20:09:01 : root : INFO : File Deleted successfully - Line : 141
02-Feb-24 20:09:07 : root : INFO : Status Code201 - Line : 129
02-Feb-24 20:09:07 : root : INFO : JSON Response {'ticker': 'BRIS', 'uploaded_date': '2024-02-02', 'file': '/media/BRIS_2024-02-02_130907.png', 'uploaded_on': '2024-02-02T20:09:07.531831+07:00'} - Line : 130
02-Feb-24 20:09:07 : root : INFO : File Deleted successfully - Line : 141
02-Feb-24 20:09:14 : root : INFO : Status Code201 - Line : 129
02-Feb-24 20:09:14 : root : INFO : JSON Response {'ticker': 'BRMS', 'uploaded_date': '2024-02-02', 'file': '/media/BRMS_2024-02-02_130913.png', 'uploaded_on': '2024-02-02T20:09:14.000374+07:00'} - Line : 130
02-Feb-24 20:09:14 : root : INFO : File Deleted successfully - Line : 141
02-Feb-24 20:09:20 : root : INFO : Status Code201 - Line : 129
02-Feb-24 20:09:20 : root : INFO : JSON Response {'ticker': 'BRPT', 'uploaded_date': '2024-02-02', 'file': '/media/BRPT_2024-02-02_130920.png', 'uploaded_on': '2024-02-02T20:09:20.513723+07:00'} - Line : 130
02-Feb-24 20:09:20 : root : INFO : File Deleted successfully - Line : 141
02-Feb-24 20:09:26 : root : INFO : Status Code201 - Line : 129
02-Feb-24 20:09:26 : root : INFO : JSON Response {'ticker': 'BSDE', 'uploaded_date': '2024-02-02', 'file': '/media/BSDE_2024-02-02_130926.png', 'uploaded_on': '2024-02-02T20:09:26.990090+07:00'} - Line : 130
02-Feb-24 20:09:26 : root : INFO : File Deleted successfully - Line : 141
02-Feb-24 20:09:33 : root : INFO : Status Code201 - Line : 129
02-Feb-24 20:09:33 : root : INFO : JSON Response {'ticker': 'BTPS', 'uploaded_date': '2024-02-02', 'file': '/media/BTPS_2024-02-02_130933.png', 'uploaded_on': '2024-02-02T20:09:33.414482+07:00'} - Line : 130
02-Feb-24 20:09:33 : root : INFO : File Deleted successfully - Line : 141
02-Feb-24 20:09:39 : root : INFO : Status Code201 - Line : 129
02-Feb-24 20:09:39 : root : INFO : JSON Response {'ticker': 'BUKA', 'uploaded_date': '2024-02-02', 'file': '/media/BUKA_2024-02-02_130939.png', 'uploaded_on': '2024-02-02T20:09:39.815055+07:00'} - Line : 130
02-Feb-24 20:09:39 : root : INFO : File Deleted successfully - Line : 141
02-Feb-24 20:09:46 : root : INFO : Status Code201 - Line : 129
02-Feb-24 20:09:46 : root : INFO : JSON Response {'ticker': 'CPIN', 'uploaded_date': '2024-02-02', 'file': '/media/CPIN_2024-02-02_130945.png', 'uploaded_on': '2024-02-02T20:09:46.262274+07:00'} - Line : 130
02-Feb-24 20:09:46 : root : INFO : File Deleted successfully - Line : 141
02-Feb-24 20:09:52 : root : INFO : Status Code201 - Line : 129
02-Feb-24 20:09:52 : root : INFO : JSON Response {'ticker': 'CTRA', 'uploaded_date': '2024-02-02', 'file': '/media/CTRA_2024-02-02_130952.png', 'uploaded_on': '2024-02-02T20:09:52.731421+07:00'} - Line : 130
02-Feb-24 20:09:52 : root : INFO : File Deleted successfully - Line : 141
02-Feb-24 20:09:59 : root : INFO : Status Code201 - Line : 129
02-Feb-24 20:09:59 : root : INFO : JSON Response {'ticker': 'DOID', 'uploaded_date': '2024-02-02', 'file': '/media/DOID_2024-02-02_130958.png', 'uploaded_on': '2024-02-02T20:09:59.213884+07:00'} - Line : 130
02-Feb-24 20:09:59 : root : INFO : File Deleted successfully - Line : 141
02-Feb-24 20:10:05 : root : INFO : Status Code201 - Line : 129
02-Feb-24 20:10:05 : root : INFO : JSON Response {'ticker': 'DSNG', 'uploaded_date': '2024-02-02', 'file': '/media/DSNG_2024-02-02_131005.png', 'uploaded_on': '2024-02-02T20:10:05.678318+07:00'} - Line : 130
02-Feb-24 20:10:05 : root : INFO : File Deleted successfully - Line : 141
02-Feb-24 20:10:12 : root : INFO : Status Code201 - Line : 129
02-Feb-24 20:10:12 : root : INFO : JSON Response {'ticker': 'ELSA', 'uploaded_date': '2024-02-02', 'file': '/media/ELSA_2024-02-02_131011.png', 'uploaded_on': '2024-02-02T20:10:12.132503+07:00'} - Line : 130
02-Feb-24 20:10:12 : root : INFO : File Deleted successfully - Line : 141
02-Feb-24 20:10:18 : root : INFO : Status Code201 - Line : 129
02-Feb-24 20:10:18 : root : INFO : JSON Response {'ticker': 'EMTK', 'uploaded_date': '2024-02-02', 'file': '/media/EMTK_2024-02-02_131018.png', 'uploaded_on': '2024-02-02T20:10:18.631984+07:00'} - Line : 130
02-Feb-24 20:10:18 : root : INFO : File Deleted successfully - Line : 141
02-Feb-24 20:10:25 : root : INFO : Status Code201 - Line : 129
02-Feb-24 20:10:25 : root : INFO : JSON Response {'ticker': 'ENRG', 'uploaded_date': '2024-02-02', 'file': '/media/ENRG_2024-02-02_131024.png', 'uploaded_on': '2024-02-02T20:10:25.130949+07:00'} - Line : 130
02-Feb-24 20:10:25 : root : INFO : File Deleted successfully - Line : 141
02-Feb-24 20:10:31 : root : INFO : Status Code201 - Line : 129
02-Feb-24 20:10:31 : root : INFO : JSON Response {'ticker': 'ERAA', 'uploaded_date': '2024-02-02', 'file': '/media/ERAA_2024-02-02_131031.png', 'uploaded_on': '2024-02-02T20:10:31.596703+07:00'} - Line : 130
02-Feb-24 20:10:31 : root : INFO : File Deleted successfully - Line : 141
02-Feb-24 20:10:38 : root : INFO : Status Code201 - Line : 129
02-Feb-24 20:10:38 : root : INFO : JSON Response {'ticker': 'ESSA', 'uploaded_date': '2024-02-02', 'file': '/media/ESSA_2024-02-02_131037.png', 'uploaded_on': '2024-02-02T20:10:38.082131+07:00'} - Line : 130
02-Feb-24 20:10:38 : root : INFO : File Deleted successfully - Line : 141
02-Feb-24 20:10:44 : root : INFO : Status Code201 - Line : 129
02-Feb-24 20:10:44 : root : INFO : JSON Response {'ticker': 'EXCL', 'uploaded_date': '2024-02-02', 'file': '/media/EXCL_2024-02-02_131044.png', 'uploaded_on': '2024-02-02T20:10:44.464443+07:00'} - Line : 130
02-Feb-24 20:10:44 : root : INFO : File Deleted successfully - Line : 141
02-Feb-24 20:10:51 : root : INFO : Status Code201 - Line : 129
02-Feb-24 20:10:51 : root : INFO : JSON Response {'ticker': 'GGRM', 'uploaded_date': '2024-02-02', 'file': '/media/GGRM_2024-02-02_131050.png', 'uploaded_on': '2024-02-02T20:10:51.171425+07:00'} - Line : 130
02-Feb-24 20:10:51 : root : INFO : File Deleted successfully - Line : 141
02-Feb-24 20:10:57 : root : INFO : Status Code201 - Line : 129
02-Feb-24 20:10:57 : root : INFO : JSON Response {'ticker': 'GOTO', 'uploaded_date': '2024-02-02', 'file': '/media/GOTO_2024-02-02_131057.png', 'uploaded_on': '2024-02-02T20:10:57.642559+07:00'} - Line : 130
02-Feb-24 20:10:57 : root : INFO : File Deleted successfully - Line : 141
02-Feb-24 20:11:04 : root : INFO : Status Code201 - Line : 129
02-Feb-24 20:11:04 : root : INFO : JSON Response {'ticker': 'HEAL', 'uploaded_date': '2024-02-02', 'file': '/media/HEAL_2024-02-02_131103.png', 'uploaded_on': '2024-02-02T20:11:04.248861+07:00'} - Line : 130
02-Feb-24 20:11:04 : root : INFO : File Deleted successfully - Line : 141
02-Feb-24 20:11:10 : root : INFO : Status Code201 - Line : 129
02-Feb-24 20:11:10 : root : INFO : JSON Response {'ticker': 'HMSP', 'uploaded_date': '2024-02-02', 'file': '/media/HMSP_2024-02-02_131110.png', 'uploaded_on': '2024-02-02T20:11:10.748617+07:00'} - Line : 130
02-Feb-24 20:11:10 : root : INFO : File Deleted successfully - Line : 141
02-Feb-24 20:11:17 : root : INFO : Status Code201 - Line : 129
02-Feb-24 20:11:17 : root : INFO : JSON Response {'ticker': 'HRUM', 'uploaded_date': '2024-02-02', 'file': '/media/HRUM_2024-02-02_131116.png', 'uploaded_on': '2024-02-02T20:11:17.215613+07:00'} - Line : 130
02-Feb-24 20:11:17 : root : INFO : File Deleted successfully - Line : 141
02-Feb-24 20:11:23 : root : INFO : Status Code201 - Line : 129
02-Feb-24 20:11:23 : root : INFO : JSON Response {'ticker': 'ICBP', 'uploaded_date': '2024-02-02', 'file': '/media/ICBP_2024-02-02_131123.png', 'uploaded_on': '2024-02-02T20:11:23.662536+07:00'} - Line : 130
02-Feb-24 20:11:23 : root : INFO : File Deleted successfully - Line : 141
02-Feb-24 20:11:30 : root : INFO : Status Code201 - Line : 129
02-Feb-24 20:11:30 : root : INFO : JSON Response {'ticker': 'INCO', 'uploaded_date': '2024-02-02', 'file': '/media/INCO_2024-02-02_131129.png', 'uploaded_on': '2024-02-02T20:11:30.179320+07:00'} - Line : 130
02-Feb-24 20:11:30 : root : INFO : File Deleted successfully - Line : 141
02-Feb-24 20:11:36 : root : INFO : Status Code201 - Line : 129
02-Feb-24 20:11:36 : root : INFO : JSON Response {'ticker': 'INDF', 'uploaded_date': '2024-02-02', 'file': '/media/INDF_2024-02-02_131136.png', 'uploaded_on': '2024-02-02T20:11:36.665793+07:00'} - Line : 130
02-Feb-24 20:11:36 : root : INFO : File Deleted successfully - Line : 141
02-Feb-24 20:11:43 : root : INFO : Status Code201 - Line : 129
02-Feb-24 20:11:43 : root : INFO : JSON Response {'ticker': 'INDY', 'uploaded_date': '2024-02-02', 'file': '/media/INDY_2024-02-02_131142.png', 'uploaded_on': '2024-02-02T20:11:43.147464+07:00'} - Line : 130
02-Feb-24 20:11:43 : root : INFO : File Deleted successfully - Line : 141
02-Feb-24 20:11:49 : root : INFO : Status Code201 - Line : 129
02-Feb-24 20:11:49 : root : INFO : JSON Response {'ticker': 'INKP', 'uploaded_date': '2024-02-02', 'file': '/media/INKP_2024-02-02_131149.png', 'uploaded_on': '2024-02-02T20:11:49.648773+07:00'} - Line : 130
02-Feb-24 20:11:49 : root : INFO : File Deleted successfully - Line : 141
02-Feb-24 20:11:56 : root : INFO : Status Code201 - Line : 129
02-Feb-24 20:11:56 : root : INFO : JSON Response {'ticker': 'INTP', 'uploaded_date': '2024-02-02', 'file': '/media/INTP_2024-02-02_131155.png', 'uploaded_on': '2024-02-02T20:11:56.482068+07:00'} - Line : 130
02-Feb-24 20:11:56 : root : INFO : File Deleted successfully - Line : 141
02-Feb-24 20:12:03 : root : INFO : Status Code201 - Line : 129
02-Feb-24 20:12:03 : root : INFO : JSON Response {'ticker': 'ISAT', 'uploaded_date': '2024-02-02', 'file': '/media/ISAT_2024-02-02_131203.png', 'uploaded_on': '2024-02-02T20:12:03.479461+07:00'} - Line : 130
02-Feb-24 20:12:03 : root : INFO : File Deleted successfully - Line : 141
02-Feb-24 20:12:09 : root : INFO : Status Code201 - Line : 129
02-Feb-24 20:12:09 : root : INFO : JSON Response {'ticker': 'ITMG', 'uploaded_date': '2024-02-02', 'file': '/media/ITMG_2024-02-02_131209.png', 'uploaded_on': '2024-02-02T20:12:09.982074+07:00'} - Line : 130
02-Feb-24 20:12:09 : root : INFO : File Deleted successfully - Line : 141
02-Feb-24 20:12:16 : root : INFO : Status Code201 - Line : 129
02-Feb-24 20:12:16 : root : INFO : JSON Response {'ticker': 'JKON', 'uploaded_date': '2024-02-02', 'file': '/media/JKON_2024-02-02_131215.png', 'uploaded_on': '2024-02-02T20:12:16.478780+07:00'} - Line : 130
02-Feb-24 20:12:16 : root : INFO : File Deleted successfully - Line : 141
02-Feb-24 20:12:22 : root : INFO : Status Code201 - Line : 129
02-Feb-24 20:12:22 : root : INFO : JSON Response {'ticker': 'JPFA', 'uploaded_date': '2024-02-02', 'file': '/media/JPFA_2024-02-02_131222.png', 'uploaded_on': '2024-02-02T20:12:22.998340+07:00'} - Line : 130
02-Feb-24 20:12:22 : root : INFO : File Deleted successfully - Line : 141
02-Feb-24 20:12:29 : root : INFO : Status Code201 - Line : 129
02-Feb-24 20:12:29 : root : INFO : JSON Response {'ticker': 'JSMR', 'uploaded_date': '2024-02-02', 'file': '/media/JSMR_2024-02-02_131229.png', 'uploaded_on': '2024-02-02T20:12:29.607001+07:00'} - Line : 130
02-Feb-24 20:12:29 : root : INFO : File Deleted successfully - Line : 141
02-Feb-24 20:12:36 : root : INFO : Status Code201 - Line : 129
02-Feb-24 20:12:36 : root : INFO : JSON Response {'ticker': 'KLBF', 'uploaded_date': '2024-02-02', 'file': '/media/KLBF_2024-02-02_131235.png', 'uploaded_on': '2024-02-02T20:12:36.365365+07:00'} - Line : 130
02-Feb-24 20:12:36 : root : INFO : File Deleted successfully - Line : 141
02-Feb-24 20:12:43 : root : INFO : Status Code201 - Line : 129
02-Feb-24 20:12:43 : root : INFO : JSON Response {'ticker': 'LPPF', 'uploaded_date': '2024-02-02', 'file': '/media/LPPF_2024-02-02_131242.png', 'uploaded_on': '2024-02-02T20:12:43.098713+07:00'} - Line : 130
02-Feb-24 20:12:43 : root : INFO : File Deleted successfully - Line : 141
02-Feb-24 20:12:49 : root : INFO : Status Code201 - Line : 129
02-Feb-24 20:12:49 : root : INFO : JSON Response {'ticker': 'LSIP', 'uploaded_date': '2024-02-02', 'file': '/media/LSIP_2024-02-02_131249.png', 'uploaded_on': '2024-02-02T20:12:49.614872+07:00'} - Line : 130
02-Feb-24 20:12:49 : root : INFO : File Deleted successfully - Line : 141
02-Feb-24 20:12:56 : root : INFO : Status Code201 - Line : 129
02-Feb-24 20:12:56 : root : INFO : JSON Response {'ticker': 'MAPI', 'uploaded_date': '2024-02-02', 'file': '/media/MAPI_2024-02-02_131255.png', 'uploaded_on': '2024-02-02T20:12:56.031373+07:00'} - Line : 130
02-Feb-24 20:12:56 : root : INFO : File Deleted successfully - Line : 141
02-Feb-24 20:13:02 : root : INFO : Status Code201 - Line : 129
02-Feb-24 20:13:02 : root : INFO : JSON Response {'ticker': 'MEDC', 'uploaded_date': '2024-02-02', 'file': '/media/MEDC_2024-02-02_131302.png', 'uploaded_on': '2024-02-02T20:13:02.515128+07:00'} - Line : 130
02-Feb-24 20:13:02 : root : INFO : File Deleted successfully - Line : 141
02-Feb-24 20:13:09 : root : INFO : Status Code201 - Line : 129
02-Feb-24 20:13:09 : root : INFO : JSON Response {'ticker': 'MIKA', 'uploaded_date': '2024-02-02', 'file': '/media/MIKA_2024-02-02_131308.png', 'uploaded_on': '2024-02-02T20:13:09.014351+07:00'} - Line : 130
02-Feb-24 20:13:09 : root : INFO : File Deleted successfully - Line : 141
02-Feb-24 20:13:15 : root : INFO : Status Code201 - Line : 129
02-Feb-24 20:13:15 : root : INFO : JSON Response {'ticker': 'MNCN', 'uploaded_date': '2024-02-02', 'file': '/media/MNCN_2024-02-02_131315.png', 'uploaded_on': '2024-02-02T20:13:15.511859+07:00'} - Line : 130
02-Feb-24 20:13:15 : root : INFO : File Deleted successfully - Line : 141
02-Feb-24 20:13:21 : root : INFO : Status Code201 - Line : 129
02-Feb-24 20:13:21 : root : INFO : JSON Response {'ticker': 'MPMX', 'uploaded_date': '2024-02-02', 'file': '/media/MPMX_2024-02-02_131321.png', 'uploaded_on': '2024-02-02T20:13:21.965199+07:00'} - Line : 130
02-Feb-24 20:13:21 : root : INFO : File Deleted successfully - Line : 141
02-Feb-24 20:13:28 : root : INFO : Status Code201 - Line : 129
02-Feb-24 20:13:28 : root : INFO : JSON Response {'ticker': 'MSIN', 'uploaded_date': '2024-02-02', 'file': '/media/MSIN_2024-02-02_131327.png', 'uploaded_on': '2024-02-02T20:13:28.380238+07:00'} - Line : 130
02-Feb-24 20:13:28 : root : INFO : File Deleted successfully - Line : 141
02-Feb-24 20:13:34 : root : INFO : Status Code201 - Line : 129
02-Feb-24 20:13:34 : root : INFO : JSON Response {'ticker': 'MTEL', 'uploaded_date': '2024-02-02', 'file': '/media/MTEL_2024-02-02_131334.png', 'uploaded_on': '2024-02-02T20:13:34.895237+07:00'} - Line : 130
02-Feb-24 20:13:34 : root : INFO : File Deleted successfully - Line : 141
02-Feb-24 20:13:41 : root : INFO : Status Code201 - Line : 129
02-Feb-24 20:13:41 : root : INFO : JSON Response {'ticker': 'MTMH', 'uploaded_date': '2024-02-02', 'file': '/media/MTMH_2024-02-02_131341.png', 'uploaded_on': '2024-02-02T20:13:41.428209+07:00'} - Line : 130
02-Feb-24 20:13:41 : root : INFO : File Deleted successfully - Line : 141
02-Feb-24 20:13:47 : root : INFO : Status Code201 - Line : 129
02-Feb-24 20:13:47 : root : INFO : JSON Response {'ticker': 'MYOR', 'uploaded_date': '2024-02-02', 'file': '/media/MYOR_2024-02-02_131347.png', 'uploaded_on': '2024-02-02T20:13:47.914965+07:00'} - Line : 130
02-Feb-24 20:13:47 : root : INFO : File Deleted successfully - Line : 141
02-Feb-24 20:13:54 : root : INFO : Status Code201 - Line : 129
02-Feb-24 20:13:54 : root : INFO : JSON Response {'ticker': 'OMED', 'uploaded_date': '2024-02-02', 'file': '/media/OMED_2024-02-02_131353.png', 'uploaded_on': '2024-02-02T20:13:54.292216+07:00'} - Line : 130
02-Feb-24 20:13:54 : root : INFO : File Deleted successfully - Line : 141
02-Feb-24 20:14:00 : root : INFO : Status Code201 - Line : 129
02-Feb-24 20:14:00 : root : INFO : JSON Response {'ticker': 'PGAS', 'uploaded_date': '2024-02-02', 'file': '/media/PGAS_2024-02-02_131400.png', 'uploaded_on': '2024-02-02T20:14:00.782040+07:00'} - Line : 130
02-Feb-24 20:14:00 : root : INFO : File Deleted successfully - Line : 141
02-Feb-24 20:14:07 : root : INFO : Status Code201 - Line : 129
02-Feb-24 20:14:07 : root : INFO : JSON Response {'ticker': 'PNBN', 'uploaded_date': '2024-02-02', 'file': '/media/PNBN_2024-02-02_131406.png', 'uploaded_on': '2024-02-02T20:14:07.231229+07:00'} - Line : 130
02-Feb-24 20:14:07 : root : INFO : File Deleted successfully - Line : 141
02-Feb-24 20:14:13 : root : INFO : Status Code201 - Line : 129
02-Feb-24 20:14:13 : root : INFO : JSON Response {'ticker': 'PNIN', 'uploaded_date': '2024-02-02', 'file': '/media/PNIN_2024-02-02_131413.png', 'uploaded_on': '2024-02-02T20:14:13.693709+07:00'} - Line : 130
02-Feb-24 20:14:13 : root : INFO : File Deleted successfully - Line : 141
02-Feb-24 20:14:20 : root : INFO : Status Code201 - Line : 129
02-Feb-24 20:14:20 : root : INFO : JSON Response {'ticker': 'PNLF', 'uploaded_date': '2024-02-02', 'file': '/media/PNLF_2024-02-02_131419.png', 'uploaded_on': '2024-02-02T20:14:20.246776+07:00'} - Line : 130
02-Feb-24 20:14:20 : root : INFO : File Deleted successfully - Line : 141
02-Feb-24 20:14:26 : root : INFO : Status Code201 - Line : 129
02-Feb-24 20:14:26 : root : INFO : JSON Response {'ticker': 'PTPP', 'uploaded_date': '2024-02-02', 'file': '/media/PTPP_2024-02-02_131426.png', 'uploaded_on': '2024-02-02T20:14:26.914678+07:00'} - Line : 130
02-Feb-24 20:14:26 : root : INFO : File Deleted successfully - Line : 141
02-Feb-24 20:14:33 : root : INFO : Status Code201 - Line : 129
02-Feb-24 20:14:33 : root : INFO : JSON Response {'ticker': 'PWON', 'uploaded_date': '2024-02-02', 'file': '/media/PWON_2024-02-02_131433.png', 'uploaded_on': '2024-02-02T20:14:33.646288+07:00'} - Line : 130
02-Feb-24 20:14:33 : root : INFO : File Deleted successfully - Line : 141
02-Feb-24 20:14:40 : root : INFO : Status Code201 - Line : 129
02-Feb-24 20:14:40 : root : INFO : JSON Response {'ticker': 'RAJA', 'uploaded_date': '2024-02-02', 'file': '/media/RAJA_2024-02-02_131439.png', 'uploaded_on': '2024-02-02T20:14:40.307487+07:00'} - Line : 130
02-Feb-24 20:14:40 : root : INFO : File Deleted successfully - Line : 141
02-Feb-24 20:14:46 : root : INFO : Status Code201 - Line : 129
02-Feb-24 20:14:46 : root : INFO : JSON Response {'ticker': 'RMKE', 'uploaded_date': '2024-02-02', 'file': '/media/RMKE_2024-02-02_131446.png', 'uploaded_on': '2024-02-02T20:14:46.746692+07:00'} - Line : 130
02-Feb-24 20:14:46 : root : INFO : File Deleted successfully - Line : 141
02-Feb-24 20:14:53 : root : INFO : Status Code201 - Line : 129
02-Feb-24 20:14:53 : root : INFO : JSON Response {'ticker': 'SCMA', 'uploaded_date': '2024-02-02', 'file': '/media/SCMA_2024-02-02_131452.png', 'uploaded_on': '2024-02-02T20:14:53.298118+07:00'} - Line : 130
02-Feb-24 20:14:53 : root : INFO : File Deleted successfully - Line : 141
02-Feb-24 20:14:59 : root : INFO : Status Code201 - Line : 129
02-Feb-24 20:14:59 : root : INFO : JSON Response {'ticker': 'SMGR', 'uploaded_date': '2024-02-02', 'file': '/media/SMGR_2024-02-02_131459.png', 'uploaded_on': '2024-02-02T20:14:59.916627+07:00'} - Line : 130
02-Feb-24 20:14:59 : root : INFO : File Deleted successfully - Line : 141
02-Feb-24 20:15:06 : root : INFO : Status Code201 - Line : 129
02-Feb-24 20:15:06 : root : INFO : JSON Response {'ticker': 'SMRA', 'uploaded_date': '2024-02-02', 'file': '/media/SMRA_2024-02-02_131506.png', 'uploaded_on': '2024-02-02T20:15:06.736027+07:00'} - Line : 130
02-Feb-24 20:15:06 : root : INFO : File Deleted successfully - Line : 141
02-Feb-24 20:15:13 : root : INFO : Status Code201 - Line : 129
02-Feb-24 20:15:13 : root : INFO : JSON Response {'ticker': 'SRTG', 'uploaded_date': '2024-02-02', 'file': '/media/SRTG_2024-02-02_131513.png', 'uploaded_on': '2024-02-02T20:15:13.554192+07:00'} - Line : 130
02-Feb-24 20:15:13 : root : INFO : File Deleted successfully - Line : 141
02-Feb-24 20:15:20 : root : INFO : Status Code201 - Line : 129
02-Feb-24 20:15:20 : root : INFO : JSON Response {'ticker': 'SSMS', 'uploaded_date': '2024-02-02', 'file': '/media/SSMS_2024-02-02_131519.png', 'uploaded_on': '2024-02-02T20:15:20.040757+07:00'} - Line : 130
02-Feb-24 20:15:20 : root : INFO : File Deleted successfully - Line : 141
02-Feb-24 20:15:26 : root : INFO : Status Code201 - Line : 129
02-Feb-24 20:15:26 : root : INFO : JSON Response {'ticker': 'TAPG', 'uploaded_date': '2024-02-02', 'file': '/media/TAPG_2024-02-02_131526.png', 'uploaded_on': '2024-02-02T20:15:26.468553+07:00'} - Line : 130
02-Feb-24 20:15:26 : root : INFO : File Deleted successfully - Line : 141
02-Feb-24 20:15:32 : root : INFO : Status Code201 - Line : 129
02-Feb-24 20:15:32 : root : INFO : JSON Response {'ticker': 'TBIG', 'uploaded_date': '2024-02-02', 'file': '/media/TBIG_2024-02-02_131532.png', 'uploaded_on': '2024-02-02T20:15:32.911474+07:00'} - Line : 130
02-Feb-24 20:15:32 : root : INFO : File Deleted successfully - Line : 141
02-Feb-24 20:15:39 : root : INFO : Status Code201 - Line : 129
02-Feb-24 20:15:39 : root : INFO : JSON Response {'ticker': 'TINS', 'uploaded_date': '2024-02-02', 'file': '/media/TINS_2024-02-02_131538.png', 'uploaded_on': '2024-02-02T20:15:39.381522+07:00'} - Line : 130
02-Feb-24 20:15:39 : root : INFO : File Deleted successfully - Line : 141
02-Feb-24 20:15:45 : root : INFO : Status Code201 - Line : 129
02-Feb-24 20:15:45 : root : INFO : JSON Response {'ticker': 'TKIM', 'uploaded_date': '2024-02-02', 'file': '/media/TKIM_2024-02-02_131545.png', 'uploaded_on': '2024-02-02T20:15:45.845564+07:00'} - Line : 130
02-Feb-24 20:15:45 : root : INFO : File Deleted successfully - Line : 141
02-Feb-24 20:15:52 : root : INFO : Status Code201 - Line : 129
02-Feb-24 20:15:52 : root : INFO : JSON Response {'ticker': 'TLKM', 'uploaded_date': '2024-02-02', 'file': '/media/TLKM_2024-02-02_131551.png', 'uploaded_on': '2024-02-02T20:15:52.364412+07:00'} - Line : 130
02-Feb-24 20:15:52 : root : INFO : File Deleted successfully - Line : 141
02-Feb-24 20:15:58 : root : INFO : Status Code201 - Line : 129
02-Feb-24 20:15:58 : root : INFO : JSON Response {'ticker': 'TOWR', 'uploaded_date': '2024-02-02', 'file': '/media/TOWR_2024-02-02_131558.png', 'uploaded_on': '2024-02-02T20:15:58.830777+07:00'} - Line : 130
02-Feb-24 20:15:58 : root : INFO : File Deleted successfully - Line : 141
02-Feb-24 20:16:05 : root : INFO : Status Code201 - Line : 129
02-Feb-24 20:16:05 : root : INFO : JSON Response {'ticker': 'TPIA', 'uploaded_date': '2024-02-02', 'file': '/media/TPIA_2024-02-02_131604.png', 'uploaded_on': '2024-02-02T20:16:05.264414+07:00'} - Line : 130
02-Feb-24 20:16:05 : root : INFO : File Deleted successfully - Line : 141
02-Feb-24 20:16:11 : root : INFO : Status Code201 - Line : 129
02-Feb-24 20:16:11 : root : INFO : JSON Response {'ticker': 'UNVR', 'uploaded_date': '2024-02-02', 'file': '/media/UNVR_2024-02-02_131611.png', 'uploaded_on': '2024-02-02T20:16:11.797432+07:00'} - Line : 130
02-Feb-24 20:16:11 : root : INFO : File Deleted successfully - Line : 141
02-Feb-24 20:16:18 : root : INFO : Status Code201 - Line : 129
02-Feb-24 20:16:18 : root : INFO : JSON Response {'ticker': 'WIKA', 'uploaded_date': '2024-02-02', 'file': '/media/WIKA_2024-02-02_131617.png', 'uploaded_on': '2024-02-02T20:16:18.281195+07:00'} - Line : 130
02-Feb-24 20:16:18 : root : INFO : File Deleted successfully - Line : 141
02-Feb-24 20:16:24 : root : INFO : Status Code201 - Line : 129
02-Feb-24 20:16:24 : root : INFO : JSON Response {'ticker': 'WIIM', 'uploaded_date': '2024-02-02', 'file': '/media/WIIM_2024-02-02_131624.png', 'uploaded_on': '2024-02-02T20:16:24.721531+07:00'} - Line : 130
02-Feb-24 20:16:24 : root : INFO : File Deleted successfully - Line : 141
02-Feb-24 20:16:31 : root : INFO : Status Code201 - Line : 129
02-Feb-24 20:16:31 : root : INFO : JSON Response {'ticker': 'WOMF', 'uploaded_date': '2024-02-02', 'file': '/media/WOMF_2024-02-02_131630.png', 'uploaded_on': '2024-02-02T20:16:31.191368+07:00'} - Line : 130
02-Feb-24 20:16:31 : root : INFO : File Deleted successfully - Line : 141
02-Feb-24 20:16:37 : root : INFO : Status Code201 - Line : 129
02-Feb-24 20:16:37 : root : INFO : JSON Response {'ticker': 'GPRA', 'uploaded_date': '2024-02-02', 'file': '/media/GPRA_2024-02-02_131637.png', 'uploaded_on': '2024-02-02T20:16:37.614032+07:00'} - Line : 130
02-Feb-24 20:16:37 : root : INFO : File Deleted successfully - Line : 141
02-Feb-24 20:16:44 : root : INFO : Status Code201 - Line : 129
02-Feb-24 20:16:44 : root : INFO : JSON Response {'ticker': 'SMDM', 'uploaded_date': '2024-02-02', 'file': '/media/SMDM_2024-02-02_131643.png', 'uploaded_on': '2024-02-02T20:16:44.130787+07:00'} - Line : 130
02-Feb-24 20:16:44 : root : INFO : File Deleted successfully - Line : 141
02-Feb-24 20:16:50 : root : INFO : Status Code201 - Line : 129
02-Feb-24 20:16:50 : root : INFO : JSON Response {'ticker': 'HRTA', 'uploaded_date': '2024-02-02', 'file': '/media/HRTA_2024-02-02_131650.png', 'uploaded_on': '2024-02-02T20:16:50.580697+07:00'} - Line : 130
02-Feb-24 20:16:50 : root : INFO : File Deleted successfully - Line : 141
02-Feb-24 20:16:57 : root : INFO : Status Code201 - Line : 129
02-Feb-24 20:16:57 : root : INFO : JSON Response {'ticker': 'IMAS', 'uploaded_date': '2024-02-02', 'file': '/media/IMAS_2024-02-02_131656.png', 'uploaded_on': '2024-02-02T20:16:57.067482+07:00'} - Line : 130
02-Feb-24 20:16:57 : root : INFO : File Deleted successfully - Line : 141
02-Feb-24 20:17:03 : root : INFO : Status Code201 - Line : 129
02-Feb-24 20:17:03 : root : INFO : JSON Response {'ticker': 'GJTL', 'uploaded_date': '2024-02-02', 'file': '/media/GJTL_2024-02-02_131703.png', 'uploaded_on': '2024-02-02T20:17:03.532906+07:00'} - Line : 130
02-Feb-24 20:17:03 : root : INFO : File Deleted successfully - Line : 141
02-Feb-24 20:17:10 : root : INFO : Status Code201 - Line : 129
02-Feb-24 20:17:10 : root : INFO : JSON Response {'ticker': 'CFIN', 'uploaded_date': '2024-02-02', 'file': '/media/CFIN_2024-02-02_131709.png', 'uploaded_on': '2024-02-02T20:17:09.984304+07:00'} - Line : 130
02-Feb-24 20:17:10 : root : INFO : File Deleted successfully - Line : 141
02-Feb-24 20:17:16 : root : INFO : Status Code201 - Line : 129
02-Feb-24 20:17:16 : root : INFO : JSON Response {'ticker': 'ASRI', 'uploaded_date': '2024-02-02', 'file': '/media/ASRI_2024-02-02_131716.png', 'uploaded_on': '2024-02-02T20:17:16.468263+07:00'} - Line : 130
02-Feb-24 20:17:16 : root : INFO : File Deleted successfully - Line : 141
02-Feb-24 20:17:22 : root : INFO : Status Code201 - Line : 129
02-Feb-24 20:17:22 : root : INFO : JSON Response {'ticker': 'NISP', 'uploaded_date': '2024-02-02', 'file': '/media/NISP_2024-02-02_131722.png', 'uploaded_on': '2024-02-02T20:17:22.912778+07:00'} - Line : 130
02-Feb-24 20:17:22 : root : INFO : File Deleted successfully - Line : 141
02-Feb-24 20:17:29 : root : INFO : Status Code201 - Line : 129
02-Feb-24 20:17:29 : root : INFO : JSON Response {'ticker': 'SOCI', 'uploaded_date': '2024-02-02', 'file': '/media/SOCI_2024-02-02_131728.png', 'uploaded_on': '2024-02-02T20:17:29.347216+07:00'} - Line : 130
02-Feb-24 20:17:29 : root : INFO : File Deleted successfully - Line : 141
02-Feb-24 20:17:35 : root : INFO : Status Code201 - Line : 129
02-Feb-24 20:17:35 : root : INFO : JSON Response {'ticker': 'PTBA', 'uploaded_date': '2024-02-02', 'file': '/media/PTBA_2024-02-02_131735.png', 'uploaded_on': '2024-02-02T20:17:35.839724+07:00'} - Line : 130
02-Feb-24 20:17:35 : root : INFO : File Deleted successfully - Line : 141
02-Feb-24 20:17:42 : root : INFO : Status Code201 - Line : 129
02-Feb-24 20:17:42 : root : INFO : JSON Response {'ticker': 'MBAP', 'uploaded_date': '2024-02-02', 'file': '/media/MBAP_2024-02-02_131741.png', 'uploaded_on': '2024-02-02T20:17:42.296046+07:00'} - Line : 130
02-Feb-24 20:17:42 : root : INFO : File Deleted successfully - Line : 141
02-Feb-24 20:17:48 : root : INFO : Status Code201 - Line : 129
02-Feb-24 20:17:48 : root : INFO : JSON Response {'ticker': 'BYAN', 'uploaded_date': '2024-02-02', 'file': '/media/BYAN_2024-02-02_131748.png', 'uploaded_on': '2024-02-02T20:17:48.756694+07:00'} - Line : 130
02-Feb-24 20:17:48 : root : INFO : File Deleted successfully - Line : 141
02-Feb-24 20:17:55 : root : INFO : Status Code201 - Line : 129
02-Feb-24 20:17:55 : root : INFO : JSON Response {'ticker': 'SGER', 'uploaded_date': '2024-02-02', 'file': '/media/SGER_2024-02-02_131754.png', 'uploaded_on': '2024-02-02T20:17:55.154919+07:00'} - Line : 130
02-Feb-24 20:17:55 : root : INFO : File Deleted successfully - Line : 141
02-Feb-24 20:18:01 : root : INFO : Status Code201 - Line : 129
02-Feb-24 20:18:01 : root : INFO : JSON Response {'ticker': 'BSSR', 'uploaded_date': '2024-02-02', 'file': '/media/BSSR_2024-02-02_131801.png', 'uploaded_on': '2024-02-02T20:18:01.725497+07:00'} - Line : 130
02-Feb-24 20:18:01 : root : INFO : File Deleted successfully - Line : 141
02-Feb-24 20:18:08 : root : INFO : Status Code201 - Line : 129
02-Feb-24 20:18:08 : root : INFO : JSON Response {'ticker': 'MCOL', 'uploaded_date': '2024-02-02', 'file': '/media/MCOL_2024-02-02_131807.png', 'uploaded_on': '2024-02-02T20:18:08.247173+07:00'} - Line : 130
02-Feb-24 20:18:08 : root : INFO : File Deleted successfully - Line : 141
02-Feb-24 20:18:14 : root : INFO : Status Code201 - Line : 129
02-Feb-24 20:18:14 : root : INFO : JSON Response {'ticker': 'APLN', 'uploaded_date': '2024-02-02', 'file': '/media/APLN_2024-02-02_131814.png', 'uploaded_on': '2024-02-02T20:18:14.693241+07:00'} - Line : 130
02-Feb-24 20:18:14 : root : INFO : File Deleted successfully - Line : 141
02-Feb-24 20:18:21 : root : INFO : Status Code201 - Line : 129
02-Feb-24 20:18:21 : root : INFO : JSON Response {'ticker': 'SMDR', 'uploaded_date': '2024-02-02', 'file': '/media/SMDR_2024-02-02_131820.png', 'uploaded_on': '2024-02-02T20:18:21.113807+07:00'} - Line : 130
02-Feb-24 20:18:21 : root : INFO : File Deleted successfully - Line : 141
02-Feb-24 20:18:27 : root : INFO : Status Code201 - Line : 129
02-Feb-24 20:18:27 : root : INFO : JSON Response {'ticker': 'UNTR', 'uploaded_date': '2024-02-02', 'file': '/media/UNTR_2024-02-02_131827.png', 'uploaded_on': '2024-02-02T20:18:27.645348+07:00'} - Line : 130
02-Feb-24 20:18:27 : root : INFO : File Deleted successfully - Line : 141
02-Feb-24 20:18:34 : root : INFO : Status Code201 - Line : 129
02-Feb-24 20:18:34 : root : INFO : JSON Response {'ticker': 'ABMM', 'uploaded_date': '2024-02-02', 'file': '/media/ABMM_2024-02-02_131833.png', 'uploaded_on': '2024-02-02T20:18:34.081263+07:00'} - Line : 130
02-Feb-24 20:18:34 : root : INFO : File Deleted successfully - Line : 141
02-Feb-24 20:18:40 : root : INFO : Status Code201 - Line : 129
02-Feb-24 20:18:40 : root : INFO : JSON Response {'ticker': 'ADRO', 'uploaded_date': '2024-02-02', 'file': '/media/ADRO_2024-02-02_131840.png', 'uploaded_on': '2024-02-02T20:18:40.547373+07:00'} - Line : 130
02-Feb-24 20:18:40 : root : INFO : File Deleted successfully - Line : 141
02-Feb-24 20:18:46 : root : INFO : Status Code201 - Line : 129
02-Feb-24 20:18:46 : root : INFO : JSON Response {'ticker': 'TEBE', 'uploaded_date': '2024-02-02', 'file': '/media/TEBE_2024-02-02_131846.png', 'uploaded_on': '2024-02-02T20:18:46.985603+07:00'} - Line : 130
02-Feb-24 20:18:46 : root : INFO : File Deleted successfully - Line : 141
