02-Feb-24 18:57:46 : mysql.connector : INFO : package: mysql.connector.plugins - Line : 151
02-Feb-24 18:57:46 : mysql.connector : INFO : plugin_name: mysql_native_password - Line : 152
02-Feb-24 18:57:46 : mysql.connector : INFO : AUTHENTICATION_PLUGIN_CLASS: MySQLNativePasswordAuthPlugin - Line : 156
02-Feb-24 18:57:46 : mysql.connector : INFO : package: mysql.connector.plugins - Line : 151
02-Feb-24 18:57:46 : mysql.connector : INFO : plugin_name: caching_sha2_password - Line : 152
02-Feb-24 18:57:46 : mysql.connector : INFO : AUTHENTICATION_PLUGIN_CLASS: MySQLCachingSHA2PasswordAuthPlugin - Line : 156
02-Feb-24 18:57:47 : selenium.webdriver.common.selenium_manager : WARNING : The msedgedriver version (120.0.2210.121) detected in PATH at C:\Users\wardians\stockcapture\msedgedriver.exe might not be compatible with the detected MicrosoftEdge version (121.0.2277.83); currently, msedgedriver 121.0.2277.83 is recommended for MicrosoftEdge 121.*, so it is advised to delete the driver in PATH and retry - Line : 135
02-Feb-24 19:01:04 : mysql.connector : INFO : package: mysql.connector.plugins - Line : 151
02-Feb-24 19:01:04 : mysql.connector : INFO : plugin_name: mysql_native_password - Line : 152
02-Feb-24 19:01:04 : mysql.connector : INFO : AUTHENTICATION_PLUGIN_CLASS: MySQLNativePasswordAuthPlugin - Line : 156
02-Feb-24 19:01:04 : mysql.connector : INFO : package: mysql.connector.plugins - Line : 151
02-Feb-24 19:01:04 : mysql.connector : INFO : plugin_name: caching_sha2_password - Line : 152
02-Feb-24 19:01:04 : mysql.connector : INFO : AUTHENTICATION_PLUGIN_CLASS: MySQLCachingSHA2PasswordAuthPlugin - Line : 156
02-Feb-24 19:01:05 : selenium.webdriver.common.selenium_manager : WARNING : The msedgedriver version (120.0.2210.121) detected in PATH at C:\Users\wardians\stockcapture\msedgedriver.exe might not be compatible with the detected MicrosoftEdge version (121.0.2277.83); currently, msedgedriver 121.0.2277.83 is recommended for MicrosoftEdge 121.*, so it is advised to delete the driver in PATH and retry - Line : 135
02-Feb-24 19:01:06 : root : INFO : === Populating Yearly Balance Sheet for PTBA - Line : 152
02-Feb-24 19:01:13 : root : INFO : Getting financial data from ... https://finance.yahoo.com/quote/PTBA.JK/balance-sheet?p=PTBA.JK - Line : 203
02-Feb-24 19:01:14 : root : INFO : === ROW ke 1 Panjang div row data 242 - Line : 222
02-Feb-24 19:01:15 : root : INFO : == txt_tickers : PTBA - txt_breakdown: - Total Assets - txt_data 45,359,207,000 - header 12/30/2022 - counter 5 - colheader 1 - colheader+1 2 - Line : 241
02-Feb-24 19:01:15 : root : INFO : == txt_tickers : PTBA - txt_breakdown: - Total Assets - txt_data 36,123,703,000 - header 12/30/2021 - counter 6 - colheader 2 - colheader+1 3 - Line : 241
02-Feb-24 19:01:16 : root : INFO : == txt_tickers : PTBA - txt_breakdown: - Total Assets - txt_data 24,056,755,000 - header 12/30/2020 - counter 7 - colheader 3 - colheader+1 4 - Line : 241
02-Feb-24 19:01:17 : root : INFO : === ROW ke 2 Panjang div row data 107 - Line : 222
02-Feb-24 19:01:18 : root : INFO : == txt_tickers : PTBA - txt_breakdown: - Current Assets - txt_data 24,432,148,000 - header 12/30/2022 - counter 5 - colheader 1 - colheader+1 2 - Line : 241
02-Feb-24 19:01:18 : root : INFO : == txt_tickers : PTBA - txt_breakdown: - Current Assets - txt_data 18,211,500,000 - header 12/30/2021 - counter 6 - colheader 2 - colheader+1 3 - Line : 241
02-Feb-24 19:01:19 : root : INFO : == txt_tickers : PTBA - txt_breakdown: - Current Assets - txt_data 8,364,356,000 - header 12/30/2020 - counter 7 - colheader 3 - colheader+1 4 - Line : 241
02-Feb-24 19:01:21 : root : INFO : === ROW ke 3 Panjang div row data 44 - Line : 222
02-Feb-24 19:01:21 : root : INFO : == txt_tickers : PTBA - txt_breakdown: - Cash, Cash Equivalents & Short Term Investments - txt_data 16,742,609,000 - header 12/30/2022 - counter 5 - colheader 1 - colheader+1 2 - Line : 241
02-Feb-24 19:01:22 : root : INFO : == txt_tickers : PTBA - txt_breakdown: - Cash, Cash Equivalents & Short Term Investments - txt_data 13,747,003,000 - header 12/30/2021 - counter 6 - colheader 2 - colheader+1 3 - Line : 241
02-Feb-24 19:01:22 : root : INFO : == txt_tickers : PTBA - txt_breakdown: - Cash, Cash Equivalents & Short Term Investments - txt_data 5,772,558,000 - header 12/30/2020 - counter 7 - colheader 3 - colheader+1 4 - Line : 241
02-Feb-24 19:01:24 : root : INFO : === ROW ke 4 Panjang div row data 26 - Line : 222
02-Feb-24 19:01:24 : root : INFO : == txt_tickers : PTBA - txt_breakdown: - Cash And Cash Equivalents - txt_data 7,030,343,000 - header 12/30/2022 - counter 5 - colheader 1 - colheader+1 2 - Line : 241
02-Feb-24 19:01:25 : root : INFO : == txt_tickers : PTBA - txt_breakdown: - Cash And Cash Equivalents - txt_data 4,394,195,000 - header 12/30/2021 - counter 6 - colheader 2 - colheader+1 3 - Line : 241
02-Feb-24 19:01:26 : root : INFO : == txt_tickers : PTBA - txt_breakdown: - Cash And Cash Equivalents - txt_data 4,340,947,000 - header 12/30/2020 - counter 7 - colheader 3 - colheader+1 4 - Line : 241
02-Feb-24 19:01:27 : root : INFO : === ROW ke 5 Panjang div row data 8 - Line : 222
02-Feb-24 19:01:28 : root : INFO : == txt_tickers : PTBA - txt_breakdown: - Cash - txt_data 2,079,412,000 - header 12/30/2022 - counter 5 - colheader 1 - colheader+1 2 - Line : 241
02-Feb-24 19:01:28 : root : INFO : == txt_tickers : PTBA - txt_breakdown: - Cash - txt_data 854,911,000 - header 12/30/2021 - counter 6 - colheader 2 - colheader+1 3 - Line : 241
02-Feb-24 19:01:29 : root : INFO : == txt_tickers : PTBA - txt_breakdown: - Cash - txt_data 1,248,661,000 - header 12/30/2020 - counter 7 - colheader 3 - colheader+1 4 - Line : 241
